INFO  [2022-03-14 03:00:45] [] [Version.<clinit>():21                                       ] HV000001: Hibernate Validator 6.1.6.Final
INFO  [2022-03-14 03:00:46] [] [StartupInfoLogger.logStarting():55                          ] Starting ManagementServerApplication on ubuntu with PID 6338 (/home/recital93/Desktop/STS4Prj2/KMS_MGMT_SERVER/KMS_MGMT_SERVER/bin/main started by recital93 in /home/recital93/Desktop/STS4Prj2/KMS_MGMT_SERVER/KMS_MGMT_SERVER)
INFO  [2022-03-14 03:00:46] [] [SpringApplication.logStartupProfileInfo():655               ] The following profiles are active: console-logging,file-logging,local
WARN  [2022-03-14 03:00:48] [] [Logger.warn():44                                            ] No MyBatis mapper was found in '[com.tmonet.kms.mgmt]' package. Please check your configuration.
INFO  [2022-03-14 03:00:50] [] [TomcatWebServer.initialize():108                            ] Tomcat initialized with port(s): 7000 (http)
INFO  [2022-03-14 03:00:50] [] [DirectJDKLog.log():173                                      ] Initializing ProtocolHandler ["http-nio-7000"]
INFO  [2022-03-14 03:00:50] [] [DirectJDKLog.log():173                                      ] Starting service [Tomcat]
INFO  [2022-03-14 03:00:50] [] [DirectJDKLog.log():173                                      ] Starting Servlet engine: [Apache Tomcat/9.0.39]
INFO  [2022-03-14 03:00:50] [] [DirectJDKLog.log():173                                      ] Initializing Spring embedded WebApplicationContext
INFO  [2022-03-14 03:00:50] [] [ServletWebServerApplicationContext.prepareWebApplicationContext():285] Root WebApplicationContext: initialization completed in 4385 ms
INFO  [2022-03-14 03:00:51] [] [ExecutorConfigurationSupport.initialize():181               ] Initializing ExecutorService 'applicationTaskExecutor'
INFO  [2022-03-14 03:00:52] [] [DirectJDKLog.log():173                                      ] Starting ProtocolHandler ["http-nio-7000"]
INFO  [2022-03-14 03:00:52] [] [TomcatWebServer.start():220                                 ] Tomcat started on port(s): 7000 (http) with context path ''
INFO  [2022-03-14 03:00:52] [] [StartupInfoLogger.logStarted():61                           ] Started ManagementServerApplication in 7.768 seconds (JVM running for 10.284)
INFO  [2022-03-14 03:00:52] [] [ManagementServerApplication.main():24                       ] ##### START MANAGEMENT SERVER #####
INFO  [2022-03-14 03:03:29] [] [DirectJDKLog.log():173                                      ] Initializing Spring DispatcherServlet 'dispatcherServlet'
INFO  [2022-03-14 03:03:29] [] [FrameworkServlet.initServletBean():525                      ] Initializing Servlet 'dispatcherServlet'
INFO  [2022-03-14 03:03:29] [] [FrameworkServlet.initServletBean():547                      ] Completed initialization in 15 ms
INFO  [2022-03-14 03:03:29] [] [RegisterObjectController.RegisterSymmetricKey():61          ] register requestBody : {
    "Operation" : {"type" : "Enumeration", "value" : "Register"},
    "RequestPayload" : {
        "ObjectType" : {"type" : "Enumeration", "value" : "SymmetricKey"},
        "Attributes" : {
            "CryptographicUsageMask" : {"type" : "Integer", "value" : "Encrypt Decrypt DeriveKey"},
            "CryptographicAlgorithm" : {"type" : "Enumeration", "value" : "AES"},
            "CryptographicLength" : {"type" : "Integer", "value" : "256"},
            "ActivationDate" : {"type" : "DateTime", "value" : "2022.03.10.10.45-3600"}
        },
        "SymmetricKey" : {
            "KeyBlock" : {
                "KeyFormatType" : {"type" : "Enumeration", "value" : "Raw"},
                "KeyValue" : {
                    "KeyMaterial" : {"type" : "ByteString", "value": "7352CB3D949BD6F285E0AB10D020EA6E7352CB3D949BD6F2"}
                },
                "CryptographicAlgorithm" : {"type" : "Enumeration", "value" : "AES"},
                "CryptographicLength" : {"type" : "Integer", "value" : 256}
            }
        }
    }
}
INFO  [2022-03-14 03:03:29] [] [RegisterObjectController.RegisterSymmetricKey():62          ] register requestParam : SymmetricKey
INFO  [2022-03-14 03:04:36] [] [RegisterObjectController.RegisterSymmetricKey():108         ] objectType : SymmetricKey
INFO  [2022-03-14 03:04:40] [] [RegisterObjectController.RegisterSymmetricKey():109         ] usageMask : Encrypt Decrypt DeriveKey
INFO  [2022-03-14 03:04:43] [] [RegisterObjectController.RegisterSymmetricKey():110         ] algorithm : AES
INFO  [2022-03-14 03:04:44] [] [RegisterObjectController.RegisterSymmetricKey():111         ] keyLength : 256
INFO  [2022-03-14 03:04:45] [] [RegisterObjectController.RegisterSymmetricKey():112         ] activateDate : 2022.03.10.10.45-3600
INFO  [2022-03-14 03:04:45] [] [RegisterObjectController.RegisterSymmetricKey():113         ] keyValue : 7352CB3D949BD6F285E0AB10D020EA6E7352CB3D949BD6F2
INFO  [2022-03-14 03:04:46] [] [RegisterObjectController.RegisterSymmetricKey():114         ] extractable : 
INFO  [2022-03-14 03:04:47] [] [RegisterObjectController.RegisterSymmetricKey():115         ] usageMask bit OR : cc
INFO  [2022-03-14 03:04:48] [] [RegisterObjectController.RegisterSymmetricKey():116         ] canExportKey : 1
INFO  [2022-03-14 03:05:45] [] [RegisterObjectController.RegisterSymmetricKey():147         ] test2
INFO  [2022-03-14 03:05:46] [] [BaseLogging.serviceBaseLogging():77                         ] --------------------------------------------------------------------------------
INFO  [2022-03-14 03:05:46] [] [BaseLogging.serviceBaseLogging():78                         ] - Start Service: RegisterKeyProfileService.checkParams
INFO  [2022-03-14 03:05:46] [] [BaseLogging.serviceBaseLogging():84                         ] - Result Data  : null
INFO  [2022-03-14 03:05:46] [] [BaseLogging.serviceBaseLogging():85                         ] - End Service  : RegisterKeyProfileService.checkParams
INFO  [2022-03-14 03:05:46] [] [BaseLogging.serviceBaseLogging():86                         ] --------------------------------------------------------------------------------
INFO  [2022-03-14 03:05:46] [] [BaseLogging.serviceBaseLogging():77                         ] --------------------------------------------------------------------------------
INFO  [2022-03-14 03:05:46] [] [BaseLogging.serviceBaseLogging():78                         ] - Start Service: RegisterKeyProfileService.registerKeyprofileInfo
INFO  [2022-03-14 03:05:47] [] [HikariDataSource.getConnection():110                        ] HikariPool-1 - Starting...
INFO  [2022-03-14 03:05:49] [] [HikariDataSource.getConnection():123                        ] HikariPool-1 - Start completed.
INFO  [2022-03-14 03:05:51] [] [BaseLogging.serviceBaseLogging():84                         ] - Result Data  : PRF05006
INFO  [2022-03-14 03:05:51] [] [BaseLogging.serviceBaseLogging():85                         ] - End Service  : RegisterKeyProfileService.registerKeyprofileInfo
INFO  [2022-03-14 03:05:51] [] [BaseLogging.serviceBaseLogging():86                         ] --------------------------------------------------------------------------------
INFO  [2022-03-14 03:05:51] [] [RegisterObjectController.registerKeyProfileFunc():199       ] test1
INFO  [2022-03-14 03:05:51] [] [RegisterObjectController.registerKeyProfileFunc():203       ] serviceId : 8D550C3D61508DF90461D08CAEC9328BADB0D12FD2372CB215F1EC0E3A0FB227
INFO  [2022-03-14 03:06:32] [] [RegisterObjectController.RegisterSymmetricKey():152         ] test3
INFO  [2022-03-14 03:06:56] [] [RegisterObjectController.RegisterSymmetricKey():156         ] keyProfileId : PRF05006
INFO  [2022-03-14 03:06:57] [] [RegisterObjectController.RegisterSymmetricKey():157         ] serviceId : 8D550C3D61508DF90461D08CAEC9328BADB0D12FD2372CB215F1EC0E3A0FB227
INFO  [2022-03-14 03:07:02] [] [BaseLogging.serviceBaseLogging():77                         ] --------------------------------------------------------------------------------
INFO  [2022-03-14 03:07:02] [] [BaseLogging.serviceBaseLogging():78                         ] - Start Service: ImportSymmetricKeyService.checkKeyProfileStatus
INFO  [2022-03-14 03:07:03] [] [BaseLogging.serviceBaseLogging():84                         ] - Result Data  : null
INFO  [2022-03-14 03:07:03] [] [BaseLogging.serviceBaseLogging():85                         ] - End Service  : ImportSymmetricKeyService.checkKeyProfileStatus
INFO  [2022-03-14 03:07:03] [] [BaseLogging.serviceBaseLogging():86                         ] --------------------------------------------------------------------------------
INFO  [2022-03-14 03:07:03] [] [BaseLogging.serviceBaseLogging():77                         ] --------------------------------------------------------------------------------
INFO  [2022-03-14 03:07:03] [] [BaseLogging.serviceBaseLogging():78                         ] - Start Service: ImportSymmetricKeyService.getHsmServiceInfo
INFO  [2022-03-14 03:07:03] [] [BaseLogging.serviceBaseLogging():84                         ] - Result Data  : com.tmonet.kms.mgmt.common.vo.HsmServiceInfoVo@1b43038c
INFO  [2022-03-14 03:07:03] [] [BaseLogging.serviceBaseLogging():85                         ] - End Service  : ImportSymmetricKeyService.getHsmServiceInfo
INFO  [2022-03-14 03:07:03] [] [BaseLogging.serviceBaseLogging():86                         ] --------------------------------------------------------------------------------
INFO  [2022-03-14 03:07:03] [] [BaseLogging.serviceBaseLogging():77                         ] --------------------------------------------------------------------------------
INFO  [2022-03-14 03:07:03] [] [BaseLogging.serviceBaseLogging():78                         ] - Start Service: ImportSymmetricKeyService.selectKeyProfileAttrList
INFO  [2022-03-14 03:07:03] [] [BaseLogging.serviceBaseLogging():84                         ] - Result Data  : [com.tmonet.kms.mgmt.key.vo.KeyProfileAttrListVo@1a3bc658, com.tmonet.kms.mgmt.key.vo.KeyProfileAttrListVo@11a88c90, com.tmonet.kms.mgmt.key.vo.KeyProfileAttrListVo@613bebbe, com.tmonet.kms.mgmt.key.vo.KeyProfileAttrListVo@6267cb76, com.tmonet.kms.mgmt.key.vo.KeyProfileAttrListVo@26aad864]
INFO  [2022-03-14 03:07:03] [] [BaseLogging.serviceBaseLogging():85                         ] - End Service  : ImportSymmetricKeyService.selectKeyProfileAttrList
INFO  [2022-03-14 03:07:03] [] [BaseLogging.serviceBaseLogging():86                         ] --------------------------------------------------------------------------------
INFO  [2022-03-14 03:07:03] [] [BaseLogging.serviceBaseLogging():77                         ] --------------------------------------------------------------------------------
INFO  [2022-03-14 03:07:03] [] [BaseLogging.serviceBaseLogging():78                         ] - Start Service: ImportSymmetricKeyService.makeHsmImportSymmetricKeyRequestData
INFO  [2022-03-14 03:07:03] [] [BaseLogging.serviceBaseLogging():84                         ] - Result Data  : [
	apiInfo={
		apiId=HSM.SK.REG.02, 
		apiVersion=1.0.0
	}
	partitionId=authrium01, 
	cryptographicAlgorithm=AES, 
	symmetricKeyData=7352CB3D949BD6F285E0AB10D020EA6E7352CB3D949BD6F2, 
	keyEncryptionKeyId=null, 
	cryptographicParameter=null
]
INFO  [2022-03-14 03:07:03] [] [BaseLogging.serviceBaseLogging():85                         ] - End Service  : ImportSymmetricKeyService.makeHsmImportSymmetricKeyRequestData
INFO  [2022-03-14 03:07:03] [] [BaseLogging.serviceBaseLogging():86                         ] --------------------------------------------------------------------------------
INFO  [2022-03-14 03:07:15] [] [BaseLogging.serviceBaseLogging():77                         ] --------------------------------------------------------------------------------
INFO  [2022-03-14 03:07:15] [] [BaseLogging.serviceBaseLogging():78                         ] - Start Service: ImportSymmetricKeyService.setKeyProfileAttrListToKeyAttrList
INFO  [2022-03-14 03:07:15] [] [BaseLogging.serviceBaseLogging():84                         ] - Result Data  : [com.tmonet.kms.mgmt.common.vo.KeyAttrListVo@66fef82b, com.tmonet.kms.mgmt.common.vo.KeyAttrListVo@e446d22, com.tmonet.kms.mgmt.common.vo.KeyAttrListVo@5a7b6e06, com.tmonet.kms.mgmt.common.vo.KeyAttrListVo@1a192173, com.tmonet.kms.mgmt.common.vo.KeyAttrListVo@b37bdbb]
INFO  [2022-03-14 03:07:15] [] [BaseLogging.serviceBaseLogging():85                         ] - End Service  : ImportSymmetricKeyService.setKeyProfileAttrListToKeyAttrList
INFO  [2022-03-14 03:07:15] [] [BaseLogging.serviceBaseLogging():86                         ] --------------------------------------------------------------------------------
INFO  [2022-03-14 03:07:15] [] [BaseLogging.serviceBaseLogging():77                         ] --------------------------------------------------------------------------------
INFO  [2022-03-14 03:07:15] [] [BaseLogging.serviceBaseLogging():78                         ] - Start Service: ImportSymmetricKeyService.setKeyAttr
INFO  [2022-03-14 03:07:15] [] [BaseLogging.serviceBaseLogging():84                         ] - Result Data  : null
INFO  [2022-03-14 03:07:15] [] [BaseLogging.serviceBaseLogging():85                         ] - End Service  : ImportSymmetricKeyService.setKeyAttr
INFO  [2022-03-14 03:07:15] [] [BaseLogging.serviceBaseLogging():86                         ] --------------------------------------------------------------------------------
INFO  [2022-03-14 03:07:15] [] [BaseLogging.serviceBaseLogging():77                         ] --------------------------------------------------------------------------------
INFO  [2022-03-14 03:07:15] [] [BaseLogging.serviceBaseLogging():78                         ] - Start Service: ImportSymmetricKeyService.storeSymmetricKeyInfo
INFO  [2022-03-14 03:07:15] [] [BaseLogging.serviceBaseLogging():84                         ] - Result Data  : null
INFO  [2022-03-14 03:07:15] [] [BaseLogging.serviceBaseLogging():85                         ] - End Service  : ImportSymmetricKeyService.storeSymmetricKeyInfo
INFO  [2022-03-14 03:07:15] [] [BaseLogging.serviceBaseLogging():86                         ] --------------------------------------------------------------------------------
INFO  [2022-03-14 03:07:24] [] [RegisterObjectController.RegisterSymmetricKey():169         ] keyId : 0093F171A79779923703E3833C2299A7913E9CDA4A5A4E074B419C700E7BC970
